<?xml version="1.0" encoding="UTF-8"?>
<!-- Generated by org.testng.reporters.JUnitXMLReporter -->
<testsuite ignored="0" hostname="DESKTOP-2VPR9IB" failures="0" tests="3" name="Test1" time="0.136" errors="0" timestamp="2024-01-15T00:29:25 IST">
  <testcase classname="TestNG_Practice.Hooks" name="Test1" time="0.011"/>
  <testcase classname="TestNG_Practice.Hooks" name="Test2" time="0.004"/>
  <testcase classname="TestNG_Practice.DataProvider" name="myTest" time="0.005"/>
</testsuite> <!-- Test1 -->
