<?xml version="1.0" encoding="UTF-8"?>
<testng-results ignored="0" total="1" passed="1" failed="0" skipped="0">
  <reporter-output>
  </reporter-output>
  <suite started-at="2024-01-01T14:03:10 IST" name="Default suite" finished-at="2024-01-01T14:03:24 IST" duration-ms="14610">
    <groups>
    </groups>
    <test started-at="2024-01-01T14:03:10 IST" name="Default test" finished-at="2024-01-01T14:03:24 IST" duration-ms="14610">
      <class name="browserconnectivity.FireFoxConnectivity">
        <test-method signature="Test1_chromebrowser()[pri:0, instance:browserconnectivity.FireFoxConnectivity@8f4ea7c]" started-at="2024-01-01T14:03:10 IST" name="Test1_chromebrowser" finished-at="2024-01-01T14:03:24 IST" duration-ms="14508" status="PASS">
          <reporter-output>
          </reporter-output>
        </test-method> <!-- Test1_chromebrowser -->
      </class> <!-- browserconnectivity.FireFoxConnectivity -->
    </test> <!-- Default test -->
  </suite> <!-- Default suite -->
</testng-results>
