<?xml version="1.0" encoding="UTF-8"?>
<testng-results ignored="0" total="3" passed="3" failed="0" skipped="0">
  <reporter-output>
  </reporter-output>
  <suite started-at="2024-01-15T00:29:25 IST" name="MySuite" finished-at="2024-01-15T00:29:25 IST" duration-ms="136">
    <groups>
    </groups>
    <test started-at="2024-01-15T00:29:25 IST" name="Test1" finished-at="2024-01-15T00:29:25 IST" duration-ms="136">
      <class name="TestNG_Practice.Hooks">
        <test-method is-config="true" signature="userLogin()[pri:0, instance:TestNG_Practice.Hooks@3023df74]" started-at="2024-01-15T00:29:25 IST" name="userLogin" finished-at="2024-01-15T00:29:25 IST" duration-ms="19" status="PASS">
          <reporter-output>
          </reporter-output>
        </test-method> <!-- userLogin -->
        <test-method signature="Test1()[pri:1, instance:TestNG_Practice.Hooks@3023df74]" started-at="2024-01-15T00:29:25 IST" name="Test1" finished-at="2024-01-15T00:29:25 IST" duration-ms="11" status="PASS">
          <reporter-output>
          </reporter-output>
        </test-method> <!-- Test1 -->
        <test-method signature="Test2()[pri:2, instance:TestNG_Practice.Hooks@3023df74]" started-at="2024-01-15T00:29:25 IST" name="Test2" finished-at="2024-01-15T00:29:25 IST" duration-ms="4" status="PASS">
          <reporter-output>
          </reporter-output>
        </test-method> <!-- Test2 -->
        <test-method is-config="true" signature="userLogout()[pri:0, instance:TestNG_Practice.Hooks@3023df74]" started-at="2024-01-15T00:29:25 IST" name="userLogout" finished-at="2024-01-15T00:29:25 IST" duration-ms="2" status="PASS">
          <reporter-output>
          </reporter-output>
        </test-method> <!-- userLogout -->
      </class> <!-- TestNG_Practice.Hooks -->
      <class name="TestNG_Practice.DataProvider">
        <test-method signature="myTest(java.lang.String)[pri:0, instance:TestNG_Practice.DataProvider@5c6648b0]" started-at="2024-01-15T00:29:25 IST" name="myTest" data-provider="mydata1" finished-at="2024-01-15T00:29:25 IST" duration-ms="5" status="PASS">
          <params>
            <param index="0">
              <value>
                <![CDATA[Ganesh]]>
              </value>
            </param>
          </params>
          <reporter-output>
          </reporter-output>
        </test-method> <!-- myTest -->
      </class> <!-- TestNG_Practice.DataProvider -->
    </test> <!-- Test1 -->
  </suite> <!-- MySuite -->
</testng-results>
